<?xml version="1.0" encoding="UTF-8"?>
<!-- Generated by org.testng.reporters.JUnitReportReporter -->
<testsuite hostname="DESKTOP-F9PCQ1V" failures="0" tests="1" name="extentReportsTest.ExtentReport" time="6.096" errors="0" timestamp="2022-11-09T19:44:11 IST" skipped="0">
  <testcase classname="extentReportsTest.ExtentReport" name="initialDemo" time="6.096"/>
  <system-out/>
</testsuite> <!-- extentReportsTest.ExtentReport -->
