<?xml version="1.0" encoding="UTF-8"?>
<!-- Generated by org.testng.reporters.JUnitReportReporter -->
<testsuite hostname="DESKTOP-F9PCQ1V" failures="0" tests="2" name="rahualshetty.ErrorValidation" time="13.720" errors="0" timestamp="2022-10-25T16:40:36 IST" skipped="0">
  <testcase classname="rahualshetty.ErrorValidation" name="logInErrrorValidation" time="5.686"/>
  <system-out/>
  <testcase classname="rahualshetty.ErrorValidation" name="productErrorValidation" time="8.034"/>
  <system-out/>
</testsuite> <!-- rahualshetty.ErrorValidation -->
