<?xml version="1.0" encoding="UTF-8"?>
<!-- Generated by org.testng.reporters.JUnitReportReporter -->
<testsuite hostname="DESKTOP-F9PCQ1V" failures="0" tests="2" name="rahualshetty.Standalontest2" time="27.657" errors="0" timestamp="2022-11-18T16:37:42 IST" skipped="0">
  <testcase classname="rahualshetty.Standalontest2" name="letsShopApp" time="10.728"/>
  <system-out/>
  <testcase classname="rahualshetty.Standalontest2" name="orderIteamValidate" time="16.929"/>
  <system-out/>
</testsuite> <!-- rahualshetty.Standalontest2 -->
